<?xml version="1.0" encoding="UTF-8"?>
<!-- Generated by org.testng.reporters.JUnitXMLReporter -->
<testsuite ignored="0" hostname="LAPTOP-O9DQVHKV" failures="1" tests="1" name="Default test" time="12.487" errors="0" timestamp="2026-04-14T18:39:26 IST">
  <testcase classname="io.cucumber.testng.AbstractTestNGCucumberTests" name="runScenario" time="11.92">
    <failure type="java.lang.AssertionError" message="expected [Dashboard1] but found [Dashboard]">
      <![CDATA[java.lang.AssertionError: expected [Dashboard1] but found [Dashboard]
at org.testng.Assert.fail(Assert.java:111)
at org.testng.Assert.failNotEquals(Assert.java:1590)
at org.testng.Assert.assertEqualsImpl(Assert.java:150)
at org.testng.Assert.assertEquals(Assert.java:132)
at org.testng.Assert.assertEquals(Assert.java:656)
at org.testng.Assert.assertEquals(Assert.java:666)
at stepDefinations.LoginStep.user_verify_the_dashboard(LoginStep.java:47)
at ✽.User verify the dashboard(file:///C:/Practice/TestAutomation_TestNg/src/main/resource/features/Login.feature:7)
]]>
    </failure>
  </testcase> <!-- runScenario -->
</testsuite> <!-- Default test -->
