<?xml version="1.0" encoding="UTF-8"?>
<testng-results ignored="0" total="4" passed="4" failed="0" skipped="0">
  <reporter-output>
  </reporter-output>
  <suite started-at="2026-04-06T19:32:42 IST" name="Suite" finished-at="2026-04-06T19:33:49 IST" duration-ms="67366">
    <groups>
    </groups>
    <test started-at="2026-04-06T19:32:42 IST" name="Test2" finished-at="2026-04-06T19:32:57 IST" duration-ms="15507">
      <class name="TestNGPracticePKG.TestNGPracticeClass">
        <test-method is-config="true" signature="launchApplication(java.lang.String)[pri:0, instance:TestNGPracticePKG.TestNGPracticeClass@1aa7ecca]" started-at="2026-04-06T19:32:42 IST" name="launchApplication" finished-at="2026-04-06T19:32:49 IST" duration-ms="6708" status="PASS">
          <params>
            <param index="0">
              <value>
                <![CDATA[firefox]]>
              </value>
            </param>
          </params>
          <reporter-output>
          </reporter-output>
        </test-method> <!-- launchApplication -->
        <test-method signature="radiobutton()[pri:0, instance:TestNGPracticePKG.TestNGPracticeClass@1aa7ecca]" started-at="2026-04-06T19:32:49 IST" name="radiobutton" finished-at="2026-04-06T19:32:50 IST" duration-ms="1070" status="PASS">
          <reporter-output>
          </reporter-output>
        </test-method> <!-- radiobutton -->
        <test-method is-config="true" signature="tearDown()[pri:0, instance:TestNGPracticePKG.TestNGPracticeClass@1aa7ecca]" started-at="2026-04-06T19:32:50 IST" name="tearDown" finished-at="2026-04-06T19:32:50 IST" duration-ms="271" status="PASS">
          <reporter-output>
          </reporter-output>
        </test-method> <!-- tearDown -->
        <test-method is-config="true" signature="launchApplication(java.lang.String)[pri:0, instance:TestNGPracticePKG.TestNGPracticeClass@1aa7ecca]" started-at="2026-04-06T19:32:50 IST" name="launchApplication" finished-at="2026-04-06T19:32:56 IST" duration-ms="6041" status="PASS">
          <params>
            <param index="0">
              <value>
                <![CDATA[firefox]]>
              </value>
            </param>
          </params>
          <reporter-output>
          </reporter-output>
        </test-method> <!-- launchApplication -->
        <test-method signature="selectdropdown()[pri:0, instance:TestNGPracticePKG.TestNGPracticeClass@1aa7ecca]" started-at="2026-04-06T19:32:56 IST" name="selectdropdown" finished-at="2026-04-06T19:32:57 IST" duration-ms="1066" status="PASS">
          <reporter-output>
          </reporter-output>
        </test-method> <!-- selectdropdown -->
        <test-method is-config="true" signature="tearDown()[pri:0, instance:TestNGPracticePKG.TestNGPracticeClass@1aa7ecca]" started-at="2026-04-06T19:32:57 IST" name="tearDown" finished-at="2026-04-06T19:32:57 IST" duration-ms="279" status="PASS">
          <reporter-output>
          </reporter-output>
        </test-method> <!-- tearDown -->
      </class> <!-- TestNGPracticePKG.TestNGPracticeClass -->
    </test> <!-- Test2 -->
    <test started-at="2026-04-06T19:32:42 IST" name="Test1" finished-at="2026-04-06T19:33:49 IST" duration-ms="67366">
      <class name="TestNGPracticePKG.TestNGPracticeClass">
        <test-method is-config="true" signature="launchApplication(java.lang.String)[pri:0, instance:TestNGPracticePKG.TestNGPracticeClass@1ddf84b8]" started-at="2026-04-06T19:32:42 IST" name="launchApplication" finished-at="2026-04-06T19:33:42 IST" duration-ms="59763" status="PASS">
          <params>
            <param index="0">
              <value>
                <![CDATA[Chrome]]>
              </value>
            </param>
          </params>
          <reporter-output>
          </reporter-output>
        </test-method> <!-- launchApplication -->
        <test-method signature="radiobutton()[pri:0, instance:TestNGPracticePKG.TestNGPracticeClass@1ddf84b8]" started-at="2026-04-06T19:33:42 IST" name="radiobutton" finished-at="2026-04-06T19:33:42 IST" duration-ms="835" status="PASS">
          <reporter-output>
          </reporter-output>
        </test-method> <!-- radiobutton -->
        <test-method is-config="true" signature="tearDown()[pri:0, instance:TestNGPracticePKG.TestNGPracticeClass@1ddf84b8]" started-at="2026-04-06T19:33:42 IST" name="tearDown" finished-at="2026-04-06T19:33:43 IST" duration-ms="251" status="PASS">
          <reporter-output>
          </reporter-output>
        </test-method> <!-- tearDown -->
        <test-method is-config="true" signature="launchApplication(java.lang.String)[pri:0, instance:TestNGPracticePKG.TestNGPracticeClass@1ddf84b8]" started-at="2026-04-06T19:33:43 IST" name="launchApplication" finished-at="2026-04-06T19:33:48 IST" duration-ms="5395" status="PASS">
          <params>
            <param index="0">
              <value>
                <![CDATA[Chrome]]>
              </value>
            </param>
          </params>
          <reporter-output>
          </reporter-output>
        </test-method> <!-- launchApplication -->
        <test-method signature="selectdropdown()[pri:0, instance:TestNGPracticePKG.TestNGPracticeClass@1ddf84b8]" started-at="2026-04-06T19:33:48 IST" name="selectdropdown" finished-at="2026-04-06T19:33:49 IST" duration-ms="855" status="PASS">
          <reporter-output>
          </reporter-output>
        </test-method> <!-- selectdropdown -->
        <test-method is-config="true" signature="tearDown()[pri:0, instance:TestNGPracticePKG.TestNGPracticeClass@1ddf84b8]" started-at="2026-04-06T19:33:49 IST" name="tearDown" finished-at="2026-04-06T19:33:49 IST" duration-ms="210" status="PASS">
          <reporter-output>
          </reporter-output>
        </test-method> <!-- tearDown -->
      </class> <!-- TestNGPracticePKG.TestNGPracticeClass -->
    </test> <!-- Test1 -->
  </suite> <!-- Suite -->
</testng-results>
