<?xml version="1.0" encoding="UTF-8"?>
<!-- Generated by org.testng.reporters.JUnitReportReporter -->
<testsuite hostname="LAPTOP-O9DQVHKV" failures="1" tests="1" name="runner.loginrunner" time="17.179" errors="0" timestamp="2026-04-14T16:23:03 IST" skipped="0">
  <testcase classname="runner.loginrunner" name="runScenario" time="17.179">
    <failure message="expected [Dashboard] but found [仪表盘]" type="java.lang.AssertionError">
      <![CDATA[java.lang.AssertionError: expected [Dashboard] but found [仪表盘]
at org.testng.Assert.fail(Assert.java:111)
at org.testng.Assert.failNotEquals(Assert.java:1590)
at org.testng.Assert.assertEqualsImpl(Assert.java:150)
at org.testng.Assert.assertEquals(Assert.java:132)
at org.testng.Assert.assertEquals(Assert.java:656)
at org.testng.Assert.assertEquals(Assert.java:666)
at stepDefinations.LoginStep.user_verify_the_dashboard(LoginStep.java:41)
at ✽.User verify the dashboard(file:///C:/Practice/TestAutomation_TestNg/src/main/resource/features/Login.feature:7)
]]>
    </failure>
  </testcase> <!-- runScenario -->
</testsuite> <!-- runner.loginrunner -->
