<?xml version="1.0" encoding="UTF-8"?>
<!-- Generated by org.testng.reporters.JUnitReportReporter -->
<testsuite hostname="LAPTOP-O9DQVHKV" failures="0" tests="4" name="TestNGPracticePKG.TestNGPracticeClass" time="61.116" errors="0" timestamp="2026-04-06T18:52:25 IST" skipped="0">
  <testcase classname="TestNGPracticePKG.TestNGPracticeClass" name="radiobutton" time="7.425"/>
  <testcase classname="TestNGPracticePKG.TestNGPracticeClass" name="radiobutton" time="39.336"/>
  <testcase classname="TestNGPracticePKG.TestNGPracticeClass" name="selectdropdown" time="7.082"/>
  <testcase classname="TestNGPracticePKG.TestNGPracticeClass" name="selectdropdown" time="7.273"/>
</testsuite> <!-- TestNGPracticePKG.TestNGPracticeClass -->
