<?xml version="1.0" encoding="UTF-8"?>
<!-- Generated by org.testng.reporters.JUnitReportReporter -->
<testsuite hostname="LAPTOP-O9DQVHKV" failures="0" tests="4" name="TestNGPracticePKG.TestNGPracticeClass" time="82.744" errors="0" timestamp="2026-04-06T19:33:49 IST" skipped="0">
  <testcase classname="TestNGPracticePKG.TestNGPracticeClass" name="selectdropdown" time="7.386"/>
  <testcase classname="TestNGPracticePKG.TestNGPracticeClass" name="radiobutton" time="8.049"/>
  <testcase classname="TestNGPracticePKG.TestNGPracticeClass" name="radiobutton" time="60.808"/>
  <testcase classname="TestNGPracticePKG.TestNGPracticeClass" name="selectdropdown" time="6.501"/>
</testsuite> <!-- TestNGPracticePKG.TestNGPracticeClass -->
